# JRE version: OpenJDK Runtime Environment (8.0_212-b03) (build 1.8.0_212-8u212-b03-0ubuntu1.16.04.1-b03)
# Java VM: OpenJDK 64-Bit Server VM (25.212-b03 mixed mode linux-amd64 compressed oops)
Heap:
 PSYoungGen      total 231936K, used 118459K [0x00000000dd400000, 0x00000000ec100000, 0x0000000100000000)
  eden space 221184K, 53% used [0x00000000dd400000,0x00000000e479eef0,0x00000000eac00000)
  from space 10752K, 0% used [0x00000000eb680000,0x00000000eb690000,0x00000000ec100000)
  to   space 10752K, 0% used [0x00000000eac00000,0x00000000eac00000,0x00000000eb680000)
 ParOldGen       total 72704K, used 12919K [0x0000000097c00000, 0x000000009c300000, 0x00000000dd400000)
  object space 72704K, 17% used [0x0000000097c00000,0x000000009889dce0,0x000000009c300000)
 Metaspace       used 13695K, capacity 13838K, committed 14080K, reserved 1060864K
  class space    used 1624K, capacity 1691K, committed 1792K, reserved 1048576K
GC Heap History (10 events):
Event: 19.597 GC heap before
{Heap before GC invocations=4 (full 0):
 PSYoungGen      total 31744K, used 31632K [0x00000000dd400000, 0x00000000e1200000, 0x0000000100000000)
  eden space 27648K, 100% used [0x00000000dd400000,0x00000000def00000,0x00000000def00000)
  from space 4096K, 97% used [0x00000000def00000,0x00000000df2e4090,0x00000000df300000)
  to   space 4096K, 0% used [0x00000000e0e00000,0x00000000e0e00000,0x00000000e1200000)
 ParOldGen       total 72704K, used 8412K [0x0000000097c00000, 0x000000009c300000, 0x00000000dd400000)
  object space 72704K, 11% used [0x0000000097c00000,0x00000000984373d0,0x000000009c300000)
 Metaspace       used 13366K, capacity 13518K, committed 13824K, reserved 1060864K
  class space    used 1611K, capacity 1691K, committed 1792K, reserved 1048576K
Event: 19.660 GC heap after
Heap after GC invocations=4 (full 0):
 PSYoungGen      total 59392K, used 3984K [0x00000000dd400000, 0x00000000e1200000, 0x0000000100000000)
  eden space 55296K, 0% used [0x00000000dd400000,0x00000000dd400000,0x00000000e0a00000)
  from space 4096K, 97% used [0x00000000e0e00000,0x00000000e11e4090,0x00000000e1200000)
  to   space 4096K, 0% used [0x00000000e0a00000,0x00000000e0a00000,0x00000000e0e00000)
 ParOldGen       total 72704K, used 8412K [0x0000000097c00000, 0x000000009c300000, 0x00000000dd400000)
  object space 72704K, 11% used [0x0000000097c00000,0x00000000984373d0,0x000000009c300000)
 Metaspace       used 13366K, capacity 13518K, committed 13824K, reserved 1060864K
  class space    used 1611K, capacity 1691K, committed 1792K, reserved 1048576K
}
Event: 20.069 GC heap before
{Heap before GC invocations=5 (full 0):
 PSYoungGen      total 59392K, used 59280K [0x00000000dd400000, 0x00000000e1200000, 0x0000000100000000)
  eden space 55296K, 100% used [0x00000000dd400000,0x00000000e0a00000,0x00000000e0a00000)
  from space 4096K, 97% used [0x00000000e0e00000,0x00000000e11e4090,0x00000000e1200000)
  to   space 4096K, 0% used [0x00000000e0a00000,0x00000000e0a00000,0x00000000e0e00000)
 ParOldGen       total 72704K, used 8412K [0x0000000097c00000, 0x000000009c300000, 0x00000000dd400000)
  object space 72704K, 11% used [0x0000000097c00000,0x00000000984373d0,0x000000009c300000)
 Metaspace       used 13367K, capacity 13518K, committed 13824K, reserved 1060864K
  class space    used 1611K, capacity 1691K, committed 1792K, reserved 1048576K
Event: 20.077 GC heap after
Heap after GC invocations=5 (full 0):
 PSYoungGen      total 59392K, used 3984K [0x00000000dd400000, 0x00000000e5400000, 0x0000000100000000)
  eden space 55296K, 0% used [0x00000000dd400000,0x00000000dd400000,0x00000000e0a00000)
  from space 4096K, 97% used [0x00000000e0a00000,0x00000000e0de4090,0x00000000e0e00000)
  to   space 10240K, 0% used [0x00000000e4a00000,0x00000000e4a00000,0x00000000e5400000)
 ParOldGen       total 72704K, used 8412K [0x0000000097c00000, 0x000000009c300000, 0x00000000dd400000)
  object space 72704K, 11% used [0x0000000097c00000,0x00000000984373d0,0x000000009c300000)
 Metaspace       used 13367K, capacity 13518K, committed 13824K, reserved 1060864K
  class space    used 1611K, capacity 1691K, committed 1792K, reserved 1048576K
}
Event: 20.429 GC heap before
{Heap before GC invocations=6 (full 0):
 PSYoungGen      total 59392K, used 59280K [0x00000000dd400000, 0x00000000e5400000, 0x0000000100000000)
  eden space 55296K, 100% used [0x00000000dd400000,0x00000000e0a00000,0x00000000e0a00000)
  from space 4096K, 97% used [0x00000000e0a00000,0x00000000e0de4090,0x00000000e0e00000)
  to   space 10240K, 0% used [0x00000000e4a00000,0x00000000e4a00000,0x00000000e5400000)
 ParOldGen       total 72704K, used 8412K [0x0000000097c00000, 0x000000009c300000, 0x00000000dd400000)
  object space 72704K, 11% used [0x0000000097c00000,0x00000000984373d0,0x000000009c300000)
 Metaspace       used 13370K, capacity 13518K, committed 13824K, reserved 1060864K
  class space    used 1612K, capacity 1691K, committed 1792K, reserved 1048576K
Event: 20.437 GC heap after
Heap after GC invocations=6 (full 0):
 PSYoungGen      total 120832K, used 3968K [0x00000000dd400000, 0x00000000e5400000, 0x0000000100000000)
  eden space 110592K, 0% used [0x00000000dd400000,0x00000000dd400000,0x00000000e4000000)
  from space 10240K, 38% used [0x00000000e4a00000,0x00000000e4de00a0,0x00000000e5400000)
  to   space 10240K, 0% used [0x00000000e4000000,0x00000000e4000000,0x00000000e4a00000)
 ParOldGen       total 72704K, used 8420K [0x0000000097c00000, 0x000000009c300000, 0x00000000dd400000)
  object space 72704K, 11% used [0x0000000097c00000,0x00000000984393d0,0x000000009c300000)
 Metaspace       used 13370K, capacity 13518K, committed 13824K, reserved 1060864K
  class space    used 1612K, capacity 1691K, committed 1792K, reserved 1048576K
}
Event: 20.837 GC heap before
{Heap before GC invocations=7 (full 0):
 PSYoungGen      total 120832K, used 114560K [0x00000000dd400000, 0x00000000e5400000, 0x0000000100000000)
  eden space 110592K, 100% used [0x00000000dd400000,0x00000000e4000000,0x00000000e4000000)
  from space 10240K, 38% used [0x00000000e4a00000,0x00000000e4de00a0,0x00000000e5400000)
  to   space 10240K, 0% used [0x00000000e4000000,0x00000000e4000000,0x00000000e4a00000)
 ParOldGen       total 72704K, used 8420K [0x0000000097c00000, 0x000000009c300000, 0x00000000dd400000)
  object space 72704K, 11% used [0x0000000097c00000,0x00000000984393d0,0x000000009c300000)
 Metaspace       used 13370K, capacity 13518K, committed 13824K, reserved 1060864K
  class space    used 1612K, capacity 1691K, committed 1792K, reserved 1048576K
Event: 20.845 GC heap after
Heap after GC invocations=7 (full 0):
 PSYoungGen      total 120832K, used 64K [0x00000000dd400000, 0x00000000ec100000, 0x0000000100000000)
  eden space 110592K, 0% used [0x00000000dd400000,0x00000000dd400000,0x00000000e4000000)
  from space 10240K, 0% used [0x00000000e4000000,0x00000000e4010000,0x00000000e4a00000)
  to   space 10752K, 0% used [0x00000000eb680000,0x00000000eb680000,0x00000000ec100000)
 ParOldGen       total 72704K, used 12911K [0x0000000097c00000, 0x000000009c300000, 0x00000000dd400000)
  object space 72704K, 17% used [0x0000000097c00000,0x000000009889bce0,0x000000009c300000)
 Metaspace       used 13370K, capacity 13518K, committed 13824K, reserved 1060864K
  class space    used 1612K, capacity 1691K, committed 1792K, reserved 1048576K
}
Event: 21.188 GC heap before
{Heap before GC invocations=8 (full 0):
 PSYoungGen      total 120832K, used 110656K [0x00000000dd400000, 0x00000000ec100000, 0x0000000100000000)
  eden space 110592K, 100% used [0x00000000dd400000,0x00000000e4000000,0x00000000e4000000)
  from space 10240K, 0% used [0x00000000e4000000,0x00000000e4010000,0x00000000e4a00000)
  to   space 10752K, 0% used [0x00000000eb680000,0x00000000eb680000,0x00000000ec100000)
 ParOldGen       total 72704K, used 12911K [0x0000000097c00000, 0x000000009c300000, 0x00000000dd400000)
  object space 72704K, 17% used [0x0000000097c00000,0x000000009889bce0,0x000000009c300000)
 Metaspace       used 13370K, capacity 13518K, committed 13824K, reserved 1060864K
  class space    used 1612K, capacity 1691K, committed 1792K, reserved 1048576K
Event: 21.190 GC heap after
Heap after GC invocations=8 (full 0):
 PSYoungGen      total 231936K, used 64K [0x00000000dd400000, 0x00000000ec100000, 0x0000000100000000)
  eden space 221184K, 0% used [0x00000000dd400000,0x00000000dd400000,0x00000000eac00000)
  from space 10752K, 0% used [0x00000000eb680000,0x00000000eb690000,0x00000000ec100000)
  to   space 10752K, 0% used [0x00000000eac00000,0x00000000eac00000,0x00000000eb680000)
 ParOldGen       total 72704K, used 12919K [0x0000000097c00000, 0x000000009c300000, 0x00000000dd400000)
  object space 72704K, 17% used [0x0000000097c00000,0x000000009889dce0,0x000000009c300000)
 Metaspace       used 13370K, capacity 13518K, committed 13824K, reserved 1060864K
  class space    used 1612K, capacity 1691K, committed 1792K, reserved 1048576K
}

