# JRE version: OpenJDK Runtime Environment (8.0_212-b03) (build 1.8.0_212-8u212-b03-0ubuntu1.16.04.1-b03)
# Java VM: OpenJDK 64-Bit Server VM (25.212-b03 mixed mode linux-amd64 compressed oops)
Heap:
 PSYoungGen      total 118784K, used 109104K [0x00000000dd400000, 0x00000000e9200000, 0x0000000100000000)
  eden space 110592K, 98% used [0x00000000dd400000,0x00000000e3e84358,0x00000000e4000000)
  from space 8192K, 0% used [0x00000000e4000000,0x00000000e4008000,0x00000000e4800000)
  to   space 8704K, 0% used [0x00000000e8980000,0x00000000e8980000,0x00000000e9200000)
 ParOldGen       total 72704K, used 7405K [0x0000000097c00000, 0x000000009c300000, 0x00000000dd400000)
  object space 72704K, 10% used [0x0000000097c00000,0x000000009833b678,0x000000009c300000)
 Metaspace       used 13469K, capacity 13576K, committed 13824K, reserved 1060864K
  class space    used 1615K, capacity 1690K, committed 1792K, reserved 1048576K
GC Heap History (10 events):
Event: 19.942 GC heap before
{Heap before GC invocations=5 (full 0):
 PSYoungGen      total 31744K, used 31328K [0x00000000dd400000, 0x00000000e1200000, 0x0000000100000000)
  eden space 27648K, 100% used [0x00000000dd400000,0x00000000def00000,0x00000000def00000)
  from space 4096K, 89% used [0x00000000df300000,0x00000000df698110,0x00000000df700000)
  to   space 4096K, 0% used [0x00000000def00000,0x00000000def00000,0x00000000df300000)
 ParOldGen       total 72704K, used 3663K [0x0000000097c00000, 0x000000009c300000, 0x00000000dd400000)
  object space 72704K, 5% used [0x0000000097c00000,0x0000000097f93c30,0x000000009c300000)
 Metaspace       used 12728K, capacity 12904K, committed 13184K, reserved 1060864K
  class space    used 1522K, capacity 1594K, committed 1664K, reserved 1048576K
Event: 19.946 GC heap after
Heap after GC invocations=5 (full 0):
 PSYoungGen      total 31744K, used 3648K [0x00000000dd400000, 0x00000000e1900000, 0x0000000100000000)
  eden space 27648K, 0% used [0x00000000dd400000,0x00000000dd400000,0x00000000def00000)
  from space 4096K, 89% used [0x00000000def00000,0x00000000df290110,0x00000000df300000)
  to   space 7680K, 0% used [0x00000000e1180000,0x00000000e1180000,0x00000000e1900000)
 ParOldGen       total 72704K, used 3671K [0x0000000097c00000, 0x000000009c300000, 0x00000000dd400000)
  object space 72704K, 5% used [0x0000000097c00000,0x0000000097f95c30,0x000000009c300000)
 Metaspace       used 12728K, capacity 12904K, committed 13184K, reserved 1060864K
  class space    used 1522K, capacity 1594K, committed 1664K, reserved 1048576K
}
Event: 20.219 GC heap before
{Heap before GC invocations=6 (full 0):
 PSYoungGen      total 31744K, used 31296K [0x00000000dd400000, 0x00000000e1900000, 0x0000000100000000)
  eden space 27648K, 100% used [0x00000000dd400000,0x00000000def00000,0x00000000def00000)
  from space 4096K, 89% used [0x00000000def00000,0x00000000df290110,0x00000000df300000)
  to   space 7680K, 0% used [0x00000000e1180000,0x00000000e1180000,0x00000000e1900000)
 ParOldGen       total 72704K, used 3671K [0x0000000097c00000, 0x000000009c300000, 0x00000000dd400000)
  object space 72704K, 5% used [0x0000000097c00000,0x0000000097f95c30,0x000000009c300000)
 Metaspace       used 12728K, capacity 12904K, committed 13184K, reserved 1060864K
  class space    used 1523K, capacity 1594K, committed 1664K, reserved 1048576K
Event: 20.257 GC heap after
Heap after GC invocations=6 (full 0):
 PSYoungGen      total 62976K, used 3680K [0x00000000dd400000, 0x00000000e1900000, 0x0000000100000000)
  eden space 55296K, 0% used [0x00000000dd400000,0x00000000dd400000,0x00000000e0a00000)
  from space 7680K, 47% used [0x00000000e1180000,0x00000000e1518110,0x00000000e1900000)
  to   space 7680K, 0% used [0x00000000e0a00000,0x00000000e0a00000,0x00000000e1180000)
 ParOldGen       total 72704K, used 3679K [0x0000000097c00000, 0x000000009c300000, 0x00000000dd400000)
  object space 72704K, 5% used [0x0000000097c00000,0x0000000097f97c30,0x000000009c300000)
 Metaspace       used 12728K, capacity 12904K, committed 13184K, reserved 1060864K
  class space    used 1523K, capacity 1594K, committed 1664K, reserved 1048576K
}
Event: 20.493 GC heap before
{Heap before GC invocations=7 (full 0):
 PSYoungGen      total 62976K, used 58976K [0x00000000dd400000, 0x00000000e1900000, 0x0000000100000000)
  eden space 55296K, 100% used [0x00000000dd400000,0x00000000e0a00000,0x00000000e0a00000)
  from space 7680K, 47% used [0x00000000e1180000,0x00000000e1518110,0x00000000e1900000)
  to   space 7680K, 0% used [0x00000000e0a00000,0x00000000e0a00000,0x00000000e1180000)
 ParOldGen       total 72704K, used 3679K [0x0000000097c00000, 0x000000009c300000, 0x00000000dd400000)
  object space 72704K, 5% used [0x0000000097c00000,0x0000000097f97c30,0x000000009c300000)
 Metaspace       used 12728K, capacity 12904K, committed 13184K, reserved 1060864K
  class space    used 1523K, capacity 1594K, committed 1664K, reserved 1048576K
Event: 20.537 GC heap after
Heap after GC invocations=7 (full 0):
 PSYoungGen      total 62976K, used 64K [0x00000000dd400000, 0x00000000e5000000, 0x0000000100000000)
  eden space 55296K, 0% used [0x00000000dd400000,0x00000000dd400000,0x00000000e0a00000)
  from space 7680K, 0% used [0x00000000e0a00000,0x00000000e0a10000,0x00000000e1180000)
  to   space 8192K, 0% used [0x00000000e4800000,0x00000000e4800000,0x00000000e5000000)
 ParOldGen       total 72704K, used 7389K [0x0000000097c00000, 0x000000009c300000, 0x00000000dd400000)
  object space 72704K, 10% used [0x0000000097c00000,0x0000000098337678,0x000000009c300000)
 Metaspace       used 12728K, capacity 12904K, committed 13184K, reserved 1060864K
  class space    used 1523K, capacity 1594K, committed 1664K, reserved 1048576K
}
Event: 20.754 GC heap before
{Heap before GC invocations=8 (full 0):
 PSYoungGen      total 62976K, used 55360K [0x00000000dd400000, 0x00000000e5000000, 0x0000000100000000)
  eden space 55296K, 100% used [0x00000000dd400000,0x00000000e0a00000,0x00000000e0a00000)
  from space 7680K, 0% used [0x00000000e0a00000,0x00000000e0a10000,0x00000000e1180000)
  to   space 8192K, 0% used [0x00000000e4800000,0x00000000e4800000,0x00000000e5000000)
 ParOldGen       total 72704K, used 7389K [0x0000000097c00000, 0x000000009c300000, 0x00000000dd400000)
  object space 72704K, 10% used [0x0000000097c00000,0x0000000098337678,0x000000009c300000)
 Metaspace       used 12728K, capacity 12904K, committed 13184K, reserved 1060864K
  class space    used 1523K, capacity 1594K, committed 1664K, reserved 1048576K
Event: 20.756 GC heap after
Heap after GC invocations=8 (full 0):
 PSYoungGen      total 118784K, used 64K [0x00000000dd400000, 0x00000000e5000000, 0x0000000100000000)
  eden space 110592K, 0% used [0x00000000dd400000,0x00000000dd400000,0x00000000e4000000)
  from space 8192K, 0% used [0x00000000e4800000,0x00000000e4810000,0x00000000e5000000)
  to   space 8192K, 0% used [0x00000000e4000000,0x00000000e4000000,0x00000000e4800000)
 ParOldGen       total 72704K, used 7397K [0x0000000097c00000, 0x000000009c300000, 0x00000000dd400000)
  object space 72704K, 10% used [0x0000000097c00000,0x0000000098339678,0x000000009c300000)
 Metaspace       used 12728K, capacity 12904K, committed 13184K, reserved 1060864K
  class space    used 1523K, capacity 1594K, committed 1664K, reserved 1048576K
}
Event: 21.177 GC heap before
{Heap before GC invocations=9 (full 0):
 PSYoungGen      total 118784K, used 110656K [0x00000000dd400000, 0x00000000e5000000, 0x0000000100000000)
  eden space 110592K, 100% used [0x00000000dd400000,0x00000000e4000000,0x00000000e4000000)
  from space 8192K, 0% used [0x00000000e4800000,0x00000000e4810000,0x00000000e5000000)
  to   space 8192K, 0% used [0x00000000e4000000,0x00000000e4000000,0x00000000e4800000)
 ParOldGen       total 72704K, used 7397K [0x0000000097c00000, 0x000000009c300000, 0x00000000dd400000)
  object space 72704K, 10% used [0x0000000097c00000,0x0000000098339678,0x000000009c300000)
 Metaspace       used 12728K, capacity 12904K, committed 13184K, reserved 1060864K
  class space    used 1523K, capacity 1594K, committed 1664K, reserved 1048576K
Event: 21.184 GC heap after
Heap after GC invocations=9 (full 0):
 PSYoungGen      total 118784K, used 32K [0x00000000dd400000, 0x00000000e9200000, 0x0000000100000000)
  eden space 110592K, 0% used [0x00000000dd400000,0x00000000dd400000,0x00000000e4000000)
  from space 8192K, 0% used [0x00000000e4000000,0x00000000e4008000,0x00000000e4800000)
  to   space 8704K, 0% used [0x00000000e8980000,0x00000000e8980000,0x00000000e9200000)
 ParOldGen       total 72704K, used 7405K [0x0000000097c00000, 0x000000009c300000, 0x00000000dd400000)
  object space 72704K, 10% used [0x0000000097c00000,0x000000009833b678,0x000000009c300000)
 Metaspace       used 12728K, capacity 12904K, committed 13184K, reserved 1060864K
  class space    used 1523K, capacity 1594K, committed 1664K, reserved 1048576K
}

