# JRE version: OpenJDK Runtime Environment (8.0_212-b03) (build 1.8.0_212-8u212-b03-0ubuntu1.16.04.1-b03)
# Java VM: OpenJDK 64-Bit Server VM (25.212-b03 mixed mode linux-amd64 compressed oops)
Heap:
 PSYoungGen      total 299008K, used 249826K [0x00000000dd400000, 0x00000000fff80000, 0x0000000100000000)
  eden space 298496K, 83% used [0x00000000dd400000,0x00000000ec7e8a10,0x00000000ef780000)
  from space 512K, 12% used [0x00000000fff00000,0x00000000fff10000,0x00000000fff80000)
  to   space 512K, 0% used [0x00000000ffe80000,0x00000000ffe80000,0x00000000fff00000)
 ParOldGen       total 72704K, used 9014K [0x0000000097c00000, 0x000000009c300000, 0x00000000dd400000)
  object space 72704K, 12% used [0x0000000097c00000,0x00000000984cd810,0x000000009c300000)
 Metaspace       used 13591K, capacity 13774K, committed 14080K, reserved 1060864K
  class space    used 1617K, capacity 1691K, committed 1792K, reserved 1048576K
GC Heap History (10 events):
Event: 44.353 GC heap before
{Heap before GC invocations=64 (full 0):
 PSYoungGen      total 377856K, used 377408K [0x00000000dd400000, 0x00000000fff80000, 0x0000000100000000)
  eden space 377344K, 100% used [0x00000000dd400000,0x00000000f4480000,0x00000000f4480000)
  from space 512K, 12% used [0x00000000ffe80000,0x00000000ffe90000,0x00000000fff00000)
  to   space 512K, 0% used [0x00000000fff00000,0x00000000fff00000,0x00000000fff80000)
 ParOldGen       total 72704K, used 9006K [0x0000000097c00000, 0x000000009c300000, 0x00000000dd400000)
  object space 72704K, 12% used [0x0000000097c00000,0x00000000984cb810,0x000000009c300000)
 Metaspace       used 13484K, capacity 13640K, committed 13824K, reserved 1060864K
  class space    used 1614K, capacity 1690K, committed 1792K, reserved 1048576K
Event: 44.354 GC heap after
Heap after GC invocations=64 (full 0):
 PSYoungGen      total 360448K, used 32K [0x00000000dd400000, 0x00000000fff80000, 0x0000000100000000)
  eden space 359936K, 0% used [0x00000000dd400000,0x00000000dd400000,0x00000000f3380000)
  from space 512K, 6% used [0x00000000fff00000,0x00000000fff08000,0x00000000fff80000)
  to   space 512K, 0% used [0x00000000ffe80000,0x00000000ffe80000,0x00000000fff00000)
 ParOldGen       total 72704K, used 9006K [0x0000000097c00000, 0x000000009c300000, 0x00000000dd400000)
  object space 72704K, 12% used [0x0000000097c00000,0x00000000984cb810,0x000000009c300000)
 Metaspace       used 13484K, capacity 13640K, committed 13824K, reserved 1060864K
  class space    used 1614K, capacity 1690K, committed 1792K, reserved 1048576K
}
Event: 44.690 GC heap before
{Heap before GC invocations=65 (full 0):
 PSYoungGen      total 360448K, used 359968K [0x00000000dd400000, 0x00000000fff80000, 0x0000000100000000)
  eden space 359936K, 100% used [0x00000000dd400000,0x00000000f3380000,0x00000000f3380000)
  from space 512K, 6% used [0x00000000fff00000,0x00000000fff08000,0x00000000fff80000)
  to   space 512K, 0% used [0x00000000ffe80000,0x00000000ffe80000,0x00000000fff00000)
 ParOldGen       total 72704K, used 9006K [0x0000000097c00000, 0x000000009c300000, 0x00000000dd400000)
  object space 72704K, 12% used [0x0000000097c00000,0x00000000984cb810,0x000000009c300000)
 Metaspace       used 13484K, capacity 13640K, committed 13824K, reserved 1060864K
  class space    used 1614K, capacity 1690K, committed 1792K, reserved 1048576K
Event: 44.690 GC heap after
Heap after GC invocations=65 (full 0):
 PSYoungGen      total 344064K, used 96K [0x00000000dd400000, 0x00000000fff80000, 0x0000000100000000)
  eden space 343552K, 0% used [0x00000000dd400000,0x00000000dd400000,0x00000000f2380000)
  from space 512K, 18% used [0x00000000ffe80000,0x00000000ffe98000,0x00000000fff00000)
  to   space 512K, 0% used [0x00000000fff00000,0x00000000fff00000,0x00000000fff80000)
 ParOldGen       total 72704K, used 9006K [0x0000000097c00000, 0x000000009c300000, 0x00000000dd400000)
  object space 72704K, 12% used [0x0000000097c00000,0x00000000984cb810,0x000000009c300000)
 Metaspace       used 13484K, capacity 13640K, committed 13824K, reserved 1060864K
  class space    used 1614K, capacity 1690K, committed 1792K, reserved 1048576K
}
Event: 45.011 GC heap before
{Heap before GC invocations=66 (full 0):
 PSYoungGen      total 344064K, used 343648K [0x00000000dd400000, 0x00000000fff80000, 0x0000000100000000)
  eden space 343552K, 100% used [0x00000000dd400000,0x00000000f2380000,0x00000000f2380000)
  from space 512K, 18% used [0x00000000ffe80000,0x00000000ffe98000,0x00000000fff00000)
  to   space 512K, 0% used [0x00000000fff00000,0x00000000fff00000,0x00000000fff80000)
 ParOldGen       total 72704K, used 9006K [0x0000000097c00000, 0x000000009c300000, 0x00000000dd400000)
  object space 72704K, 12% used [0x0000000097c00000,0x00000000984cb810,0x000000009c300000)
 Metaspace       used 13484K, capacity 13640K, committed 13824K, reserved 1060864K
  class space    used 1614K, capacity 1690K, committed 1792K, reserved 1048576K
Event: 45.012 GC heap after
Heap after GC invocations=66 (full 0):
 PSYoungGen      total 328192K, used 96K [0x00000000dd400000, 0x00000000fff80000, 0x0000000100000000)
  eden space 327680K, 0% used [0x00000000dd400000,0x00000000dd400000,0x00000000f1400000)
  from space 512K, 18% used [0x00000000fff00000,0x00000000fff18000,0x00000000fff80000)
  to   space 512K, 0% used [0x00000000ffe80000,0x00000000ffe80000,0x00000000fff00000)
 ParOldGen       total 72704K, used 9006K [0x0000000097c00000, 0x000000009c300000, 0x00000000dd400000)
  object space 72704K, 12% used [0x0000000097c00000,0x00000000984cb810,0x000000009c300000)
 Metaspace       used 13484K, capacity 13640K, committed 13824K, reserved 1060864K
  class space    used 1614K, capacity 1690K, committed 1792K, reserved 1048576K
}
Event: 45.319 GC heap before
{Heap before GC invocations=67 (full 0):
 PSYoungGen      total 328192K, used 327776K [0x00000000dd400000, 0x00000000fff80000, 0x0000000100000000)
  eden space 327680K, 100% used [0x00000000dd400000,0x00000000f1400000,0x00000000f1400000)
  from space 512K, 18% used [0x00000000fff00000,0x00000000fff18000,0x00000000fff80000)
  to   space 512K, 0% used [0x00000000ffe80000,0x00000000ffe80000,0x00000000fff00000)
 ParOldGen       total 72704K, used 9006K [0x0000000097c00000, 0x000000009c300000, 0x00000000dd400000)
  object space 72704K, 12% used [0x0000000097c00000,0x00000000984cb810,0x000000009c300000)
 Metaspace       used 13484K, capacity 13640K, committed 13824K, reserved 1060864K
  class space    used 1614K, capacity 1690K, committed 1792K, reserved 1048576K
Event: 45.319 GC heap after
Heap after GC invocations=67 (full 0):
 PSYoungGen      total 313344K, used 64K [0x00000000dd400000, 0x00000000fff80000, 0x0000000100000000)
  eden space 312832K, 0% used [0x00000000dd400000,0x00000000dd400000,0x00000000f0580000)
  from space 512K, 12% used [0x00000000ffe80000,0x00000000ffe90000,0x00000000fff00000)
  to   space 512K, 0% used [0x00000000fff00000,0x00000000fff00000,0x00000000fff80000)
 ParOldGen       total 72704K, used 9006K [0x0000000097c00000, 0x000000009c300000, 0x00000000dd400000)
  object space 72704K, 12% used [0x0000000097c00000,0x00000000984cb810,0x000000009c300000)
 Metaspace       used 13484K, capacity 13640K, committed 13824K, reserved 1060864K
  class space    used 1614K, capacity 1690K, committed 1792K, reserved 1048576K
}
Event: 45.809 GC heap before
{Heap before GC invocations=68 (full 0):
 PSYoungGen      total 313344K, used 312896K [0x00000000dd400000, 0x00000000fff80000, 0x0000000100000000)
  eden space 312832K, 100% used [0x00000000dd400000,0x00000000f0580000,0x00000000f0580000)
  from space 512K, 12% used [0x00000000ffe80000,0x00000000ffe90000,0x00000000fff00000)
  to   space 512K, 0% used [0x00000000fff00000,0x00000000fff00000,0x00000000fff80000)
 ParOldGen       total 72704K, used 9006K [0x0000000097c00000, 0x000000009c300000, 0x00000000dd400000)
  object space 72704K, 12% used [0x0000000097c00000,0x00000000984cb810,0x000000009c300000)
 Metaspace       used 13487K, capacity 13640K, committed 13824K, reserved 1060864K
  class space    used 1614K, capacity 1690K, committed 1792K, reserved 1048576K
Event: 45.810 GC heap after
Heap after GC invocations=68 (full 0):
 PSYoungGen      total 299008K, used 64K [0x00000000dd400000, 0x00000000fff80000, 0x0000000100000000)
  eden space 298496K, 0% used [0x00000000dd400000,0x00000000dd400000,0x00000000ef780000)
  from space 512K, 12% used [0x00000000fff00000,0x00000000fff10000,0x00000000fff80000)
  to   space 512K, 0% used [0x00000000ffe80000,0x00000000ffe80000,0x00000000fff00000)
 ParOldGen       total 72704K, used 9014K [0x0000000097c00000, 0x000000009c300000, 0x00000000dd400000)
  object space 72704K, 12% used [0x0000000097c00000,0x00000000984cd810,0x000000009c300000)
 Metaspace       used 13487K, capacity 13640K, committed 13824K, reserved 1060864K
  class space    used 1614K, capacity 1690K, committed 1792K, reserved 1048576K
}

