# JRE version: OpenJDK Runtime Environment (8.0_212-b03) (build 1.8.0_212-8u212-b03-0ubuntu1.16.04.1-b03)
# Java VM: OpenJDK 64-Bit Server VM (25.212-b03 mixed mode linux-amd64 compressed oops)
Heap:
 PSYoungGen      total 228864K, used 112854K [0x00000000dd400000, 0x00000000ebd00000, 0x0000000100000000)
  eden space 220672K, 51% used [0x00000000dd400000,0x00000000e4225920,0x00000000eab80000)
  from space 8192K, 0% used [0x00000000eb400000,0x00000000eb410000,0x00000000ebc00000)
  to   space 8704K, 0% used [0x00000000eab80000,0x00000000eab80000,0x00000000eb400000)
 ParOldGen       total 72704K, used 7460K [0x0000000097c00000, 0x000000009c300000, 0x00000000dd400000)
  object space 72704K, 10% used [0x0000000097c00000,0x0000000098349390,0x000000009c300000)
 Metaspace       used 13475K, capacity 13640K, committed 13824K, reserved 1060864K
  class space    used 1616K, capacity 1690K, committed 1792K, reserved 1048576K
GC Heap History (10 events):
Event: 19.759 GC heap before
{Heap before GC invocations=4 (full 0):
 PSYoungGen      total 31744K, used 31264K [0x00000000dd400000, 0x00000000e1200000, 0x0000000100000000)
  eden space 27648K, 100% used [0x00000000dd400000,0x00000000def00000,0x00000000def00000)
  from space 4096K, 88% used [0x00000000def00000,0x00000000df288110,0x00000000df300000)
  to   space 4096K, 0% used [0x00000000e0e00000,0x00000000e0e00000,0x00000000e1200000)
 ParOldGen       total 72704K, used 3735K [0x0000000097c00000, 0x000000009c300000, 0x00000000dd400000)
  object space 72704K, 5% used [0x0000000097c00000,0x0000000097fa5d60,0x000000009c300000)
 Metaspace       used 12752K, capacity 12904K, committed 13184K, reserved 1060864K
  class space    used 1522K, capacity 1594K, committed 1664K, reserved 1048576K
Event: 19.776 GC heap after
Heap after GC invocations=4 (full 0):
 PSYoungGen      total 59392K, used 3648K [0x00000000dd400000, 0x00000000e1200000, 0x0000000100000000)
  eden space 55296K, 0% used [0x00000000dd400000,0x00000000dd400000,0x00000000e0a00000)
  from space 4096K, 89% used [0x00000000e0e00000,0x00000000e1190110,0x00000000e1200000)
  to   space 4096K, 0% used [0x00000000e0a00000,0x00000000e0a00000,0x00000000e0e00000)
 ParOldGen       total 72704K, used 3735K [0x0000000097c00000, 0x000000009c300000, 0x00000000dd400000)
  object space 72704K, 5% used [0x0000000097c00000,0x0000000097fa5d60,0x000000009c300000)
 Metaspace       used 12752K, capacity 12904K, committed 13184K, reserved 1060864K
  class space    used 1522K, capacity 1594K, committed 1664K, reserved 1048576K
}
Event: 20.350 GC heap before
{Heap before GC invocations=5 (full 0):
 PSYoungGen      total 59392K, used 58944K [0x00000000dd400000, 0x00000000e1200000, 0x0000000100000000)
  eden space 55296K, 100% used [0x00000000dd400000,0x00000000e0a00000,0x00000000e0a00000)
  from space 4096K, 89% used [0x00000000e0e00000,0x00000000e1190110,0x00000000e1200000)
  to   space 4096K, 0% used [0x00000000e0a00000,0x00000000e0a00000,0x00000000e0e00000)
 ParOldGen       total 72704K, used 3735K [0x0000000097c00000, 0x000000009c300000, 0x00000000dd400000)
  object space 72704K, 5% used [0x0000000097c00000,0x0000000097fa5d60,0x000000009c300000)
 Metaspace       used 12754K, capacity 12904K, committed 13184K, reserved 1060864K
  class space    used 1523K, capacity 1594K, committed 1664K, reserved 1048576K
Event: 20.362 GC heap after
Heap after GC invocations=5 (full 0):
 PSYoungGen      total 59392K, used 3648K [0x00000000dd400000, 0x00000000e5000000, 0x0000000100000000)
  eden space 55296K, 0% used [0x00000000dd400000,0x00000000dd400000,0x00000000e0a00000)
  from space 4096K, 89% used [0x00000000e0a00000,0x00000000e0d90110,0x00000000e0e00000)
  to   space 8192K, 0% used [0x00000000e4800000,0x00000000e4800000,0x00000000e5000000)
 ParOldGen       total 72704K, used 3743K [0x0000000097c00000, 0x000000009c300000, 0x00000000dd400000)
  object space 72704K, 5% used [0x0000000097c00000,0x0000000097fa7d60,0x000000009c300000)
 Metaspace       used 12754K, capacity 12904K, committed 13184K, reserved 1060864K
  class space    used 1523K, capacity 1594K, committed 1664K, reserved 1048576K
}
Event: 20.588 GC heap before
{Heap before GC invocations=6 (full 0):
 PSYoungGen      total 59392K, used 58944K [0x00000000dd400000, 0x00000000e5000000, 0x0000000100000000)
  eden space 55296K, 100% used [0x00000000dd400000,0x00000000e0a00000,0x00000000e0a00000)
  from space 4096K, 89% used [0x00000000e0a00000,0x00000000e0d90110,0x00000000e0e00000)
  to   space 8192K, 0% used [0x00000000e4800000,0x00000000e4800000,0x00000000e5000000)
 ParOldGen       total 72704K, used 3743K [0x0000000097c00000, 0x000000009c300000, 0x00000000dd400000)
  object space 72704K, 5% used [0x0000000097c00000,0x0000000097fa7d60,0x000000009c300000)
 Metaspace       used 12754K, capacity 12904K, committed 13184K, reserved 1060864K
  class space    used 1523K, capacity 1594K, committed 1664K, reserved 1048576K
Event: 20.596 GC heap after
Heap after GC invocations=6 (full 0):
 PSYoungGen      total 117760K, used 3648K [0x00000000dd400000, 0x00000000e4f00000, 0x0000000100000000)
  eden space 110592K, 0% used [0x00000000dd400000,0x00000000dd400000,0x00000000e4000000)
  from space 7168K, 50% used [0x00000000e4800000,0x00000000e4b90110,0x00000000e4f00000)
  to   space 7680K, 0% used [0x00000000e4000000,0x00000000e4000000,0x00000000e4780000)
 ParOldGen       total 72704K, used 3751K [0x0000000097c00000, 0x000000009c300000, 0x00000000dd400000)
  object space 72704K, 5% used [0x0000000097c00000,0x0000000097fa9d60,0x000000009c300000)
 Metaspace       used 12754K, capacity 12904K, committed 13184K, reserved 1060864K
  class space    used 1523K, capacity 1594K, committed 1664K, reserved 1048576K
}
Event: 20.949 GC heap before
{Heap before GC invocations=7 (full 0):
 PSYoungGen      total 117760K, used 114240K [0x00000000dd400000, 0x00000000e4f00000, 0x0000000100000000)
  eden space 110592K, 100% used [0x00000000dd400000,0x00000000e4000000,0x00000000e4000000)
  from space 7168K, 50% used [0x00000000e4800000,0x00000000e4b90110,0x00000000e4f00000)
  to   space 7680K, 0% used [0x00000000e4000000,0x00000000e4000000,0x00000000e4780000)
 ParOldGen       total 72704K, used 3751K [0x0000000097c00000, 0x000000009c300000, 0x00000000dd400000)
  object space 72704K, 5% used [0x0000000097c00000,0x0000000097fa9d60,0x000000009c300000)
 Metaspace       used 12754K, capacity 12904K, committed 13184K, reserved 1060864K
  class space    used 1523K, capacity 1594K, committed 1664K, reserved 1048576K
Event: 20.976 GC heap after
Heap after GC invocations=7 (full 0):
 PSYoungGen      total 118272K, used 128K [0x00000000dd400000, 0x00000000ebc00000, 0x0000000100000000)
  eden space 110592K, 0% used [0x00000000dd400000,0x00000000dd400000,0x00000000e4000000)
  from space 7680K, 1% used [0x00000000e4000000,0x00000000e4020000,0x00000000e4780000)
  to   space 8192K, 0% used [0x00000000eb400000,0x00000000eb400000,0x00000000ebc00000)
 ParOldGen       total 72704K, used 7460K [0x0000000097c00000, 0x000000009c300000, 0x00000000dd400000)
  object space 72704K, 10% used [0x0000000097c00000,0x0000000098349390,0x000000009c300000)
 Metaspace       used 12754K, capacity 12904K, committed 13184K, reserved 1060864K
  class space    used 1523K, capacity 1594K, committed 1664K, reserved 1048576K
}
Event: 21.341 GC heap before
{Heap before GC invocations=8 (full 0):
 PSYoungGen      total 118272K, used 110720K [0x00000000dd400000, 0x00000000ebc00000, 0x0000000100000000)
  eden space 110592K, 100% used [0x00000000dd400000,0x00000000e4000000,0x00000000e4000000)
  from space 7680K, 1% used [0x00000000e4000000,0x00000000e4020000,0x00000000e4780000)
  to   space 8192K, 0% used [0x00000000eb400000,0x00000000eb400000,0x00000000ebc00000)
 ParOldGen       total 72704K, used 7460K [0x0000000097c00000, 0x000000009c300000, 0x00000000dd400000)
  object space 72704K, 10% used [0x0000000097c00000,0x0000000098349390,0x000000009c300000)
 Metaspace       used 12754K, capacity 12904K, committed 13184K, reserved 1060864K
  class space    used 1523K, capacity 1594K, committed 1664K, reserved 1048576K
Event: 21.343 GC heap after
Heap after GC invocations=8 (full 0):
 PSYoungGen      total 228864K, used 64K [0x00000000dd400000, 0x00000000ebd00000, 0x0000000100000000)
  eden space 220672K, 0% used [0x00000000dd400000,0x00000000dd400000,0x00000000eab80000)
  from space 8192K, 0% used [0x00000000eb400000,0x00000000eb410000,0x00000000ebc00000)
  to   space 8704K, 0% used [0x00000000eab80000,0x00000000eab80000,0x00000000eb400000)
 ParOldGen       total 72704K, used 7460K [0x0000000097c00000, 0x000000009c300000, 0x00000000dd400000)
  object space 72704K, 10% used [0x0000000097c00000,0x0000000098349390,0x000000009c300000)
 Metaspace       used 12754K, capacity 12904K, committed 13184K, reserved 1060864K
  class space    used 1523K, capacity 1594K, committed 1664K, reserved 1048576K
}

