# JRE version: OpenJDK Runtime Environment (8.0_212-b03) (build 1.8.0_212-8u212-b03-0ubuntu1.16.04.1-b03)
# Java VM: OpenJDK 64-Bit Server VM (25.212-b03 mixed mode linux-amd64 compressed oops)
Heap:
 PSYoungGen      total 487936K, used 96815K [0x00000000dd400000, 0x0000000100000000, 0x0000000100000000)
  eden space 487424K, 19% used [0x00000000dd400000,0x00000000e3273e78,0x00000000fb000000)
  from space 512K, 18% used [0x00000000fff80000,0x00000000fff98000,0x0000000100000000)
  to   space 512K, 0% used [0x00000000fff00000,0x00000000fff00000,0x00000000fff80000)
 ParOldGen       total 72704K, used 16141K [0x0000000097c00000, 0x000000009c300000, 0x00000000dd400000)
  object space 72704K, 22% used [0x0000000097c00000,0x0000000098bc3578,0x000000009c300000)
 Metaspace       used 14271K, capacity 14388K, committed 14592K, reserved 1062912K
  class space    used 1673K, capacity 1724K, committed 1792K, reserved 1048576K
GC Heap History (10 events):
Event: 73.476 GC heap before
{Heap before GC invocations=154 (full 0):
 PSYoungGen      total 492544K, used 492128K [0x00000000dd400000, 0x0000000100000000, 0x0000000100000000)
  eden space 492032K, 100% used [0x00000000dd400000,0x00000000fb480000,0x00000000fb480000)
  from space 512K, 18% used [0x00000000fff00000,0x00000000fff18000,0x00000000fff80000)
  to   space 512K, 0% used [0x00000000fff80000,0x00000000fff80000,0x0000000100000000)
 ParOldGen       total 72704K, used 16141K [0x0000000097c00000, 0x000000009c300000, 0x00000000dd400000)
  object space 72704K, 22% used [0x0000000097c00000,0x0000000098bc3578,0x000000009c300000)
 Metaspace       used 14229K, capacity 14388K, committed 14592K, reserved 1062912K
  class space    used 1671K, capacity 1724K, committed 1792K, reserved 1048576K
Event: 73.477 GC heap after
Heap after GC invocations=154 (full 0):
 PSYoungGen      total 469504K, used 64K [0x00000000dd400000, 0x0000000100000000, 0x0000000100000000)
  eden space 468992K, 0% used [0x00000000dd400000,0x00000000dd400000,0x00000000f9e00000)
  from space 512K, 12% used [0x00000000fff80000,0x00000000fff90000,0x0000000100000000)
  to   space 512K, 0% used [0x00000000fff00000,0x00000000fff00000,0x00000000fff80000)
 ParOldGen       total 72704K, used 16141K [0x0000000097c00000, 0x000000009c300000, 0x00000000dd400000)
  object space 72704K, 22% used [0x0000000097c00000,0x0000000098bc3578,0x000000009c300000)
 Metaspace       used 14229K, capacity 14388K, committed 14592K, reserved 1062912K
  class space    used 1671K, capacity 1724K, committed 1792K, reserved 1048576K
}
Event: 73.927 GC heap before
{Heap before GC invocations=155 (full 0):
 PSYoungGen      total 469504K, used 469056K [0x00000000dd400000, 0x0000000100000000, 0x0000000100000000)
  eden space 468992K, 100% used [0x00000000dd400000,0x00000000f9e00000,0x00000000f9e00000)
  from space 512K, 12% used [0x00000000fff80000,0x00000000fff90000,0x0000000100000000)
  to   space 512K, 0% used [0x00000000fff00000,0x00000000fff00000,0x00000000fff80000)
 ParOldGen       total 72704K, used 16141K [0x0000000097c00000, 0x000000009c300000, 0x00000000dd400000)
  object space 72704K, 22% used [0x0000000097c00000,0x0000000098bc3578,0x000000009c300000)
 Metaspace       used 14229K, capacity 14388K, committed 14592K, reserved 1062912K
  class space    used 1671K, capacity 1724K, committed 1792K, reserved 1048576K
Event: 73.928 GC heap after
Heap after GC invocations=155 (full 0):
 PSYoungGen      total 447488K, used 64K [0x00000000dd400000, 0x0000000100000000, 0x0000000100000000)
  eden space 446976K, 0% used [0x00000000dd400000,0x00000000dd400000,0x00000000f8880000)
  from space 512K, 12% used [0x00000000fff00000,0x00000000fff10000,0x00000000fff80000)
  to   space 512K, 0% used [0x00000000fff80000,0x00000000fff80000,0x0000000100000000)
 ParOldGen       total 72704K, used 16141K [0x0000000097c00000, 0x000000009c300000, 0x00000000dd400000)
  object space 72704K, 22% used [0x0000000097c00000,0x0000000098bc3578,0x000000009c300000)
 Metaspace       used 14229K, capacity 14388K, committed 14592K, reserved 1062912K
  class space    used 1671K, capacity 1724K, committed 1792K, reserved 1048576K
}
Event: 74.354 GC heap before
{Heap before GC invocations=156 (full 0):
 PSYoungGen      total 447488K, used 447040K [0x00000000dd400000, 0x0000000100000000, 0x0000000100000000)
  eden space 446976K, 100% used [0x00000000dd400000,0x00000000f8880000,0x00000000f8880000)
  from space 512K, 12% used [0x00000000fff00000,0x00000000fff10000,0x00000000fff80000)
  to   space 512K, 0% used [0x00000000fff80000,0x00000000fff80000,0x0000000100000000)
 ParOldGen       total 72704K, used 16141K [0x0000000097c00000, 0x000000009c300000, 0x00000000dd400000)
  object space 72704K, 22% used [0x0000000097c00000,0x0000000098bc3578,0x000000009c300000)
 Metaspace       used 14229K, capacity 14388K, committed 14592K, reserved 1062912K
  class space    used 1671K, capacity 1724K, committed 1792K, reserved 1048576K
Event: 74.355 GC heap after
Heap after GC invocations=156 (full 0):
 PSYoungGen      total 426496K, used 64K [0x00000000dd400000, 0x0000000100000000, 0x0000000100000000)
  eden space 425984K, 0% used [0x00000000dd400000,0x00000000dd400000,0x00000000f7400000)
  from space 512K, 12% used [0x00000000fff80000,0x00000000fff90000,0x0000000100000000)
  to   space 512K, 0% used [0x00000000fff00000,0x00000000fff00000,0x00000000fff80000)
 ParOldGen       total 72704K, used 16141K [0x0000000097c00000, 0x000000009c300000, 0x00000000dd400000)
  object space 72704K, 22% used [0x0000000097c00000,0x0000000098bc3578,0x000000009c300000)
 Metaspace       used 14229K, capacity 14388K, committed 14592K, reserved 1062912K
  class space    used 1671K, capacity 1724K, committed 1792K, reserved 1048576K
}
Event: 74.765 GC heap before
{Heap before GC invocations=157 (full 0):
 PSYoungGen      total 426496K, used 426048K [0x00000000dd400000, 0x0000000100000000, 0x0000000100000000)
  eden space 425984K, 100% used [0x00000000dd400000,0x00000000f7400000,0x00000000f7400000)
  from space 512K, 12% used [0x00000000fff80000,0x00000000fff90000,0x0000000100000000)
  to   space 512K, 0% used [0x00000000fff00000,0x00000000fff00000,0x00000000fff80000)
 ParOldGen       total 72704K, used 16141K [0x0000000097c00000, 0x000000009c300000, 0x00000000dd400000)
  object space 72704K, 22% used [0x0000000097c00000,0x0000000098bc3578,0x000000009c300000)
 Metaspace       used 14229K, capacity 14388K, committed 14592K, reserved 1062912K
  class space    used 1671K, capacity 1724K, committed 1792K, reserved 1048576K
Event: 74.773 GC heap after
Heap after GC invocations=157 (full 0):
 PSYoungGen      total 406528K, used 64K [0x00000000dd400000, 0x0000000100000000, 0x0000000100000000)
  eden space 406016K, 0% used [0x00000000dd400000,0x00000000dd400000,0x00000000f6080000)
  from space 512K, 12% used [0x00000000fff00000,0x00000000fff10000,0x00000000fff80000)
  to   space 512K, 0% used [0x00000000fff80000,0x00000000fff80000,0x0000000100000000)
 ParOldGen       total 72704K, used 16141K [0x0000000097c00000, 0x000000009c300000, 0x00000000dd400000)
  object space 72704K, 22% used [0x0000000097c00000,0x0000000098bc3578,0x000000009c300000)
 Metaspace       used 14229K, capacity 14388K, committed 14592K, reserved 1062912K
  class space    used 1671K, capacity 1724K, committed 1792K, reserved 1048576K
}
Event: 75.169 GC heap before
{Heap before GC invocations=158 (full 0):
 PSYoungGen      total 406528K, used 406080K [0x00000000dd400000, 0x0000000100000000, 0x0000000100000000)
  eden space 406016K, 100% used [0x00000000dd400000,0x00000000f6080000,0x00000000f6080000)
  from space 512K, 12% used [0x00000000fff00000,0x00000000fff10000,0x00000000fff80000)
  to   space 512K, 0% used [0x00000000fff80000,0x00000000fff80000,0x0000000100000000)
 ParOldGen       total 72704K, used 16141K [0x0000000097c00000, 0x000000009c300000, 0x00000000dd400000)
  object space 72704K, 22% used [0x0000000097c00000,0x0000000098bc3578,0x000000009c300000)
 Metaspace       used 14229K, capacity 14388K, committed 14592K, reserved 1062912K
  class space    used 1671K, capacity 1724K, committed 1792K, reserved 1048576K
Event: 75.178 GC heap after
Heap after GC invocations=158 (full 0):
 PSYoungGen      total 487936K, used 96K [0x00000000dd400000, 0x0000000100000000, 0x0000000100000000)
  eden space 487424K, 0% used [0x00000000dd400000,0x00000000dd400000,0x00000000fb000000)
  from space 512K, 18% used [0x00000000fff80000,0x00000000fff98000,0x0000000100000000)
  to   space 512K, 0% used [0x00000000fff00000,0x00000000fff00000,0x00000000fff80000)
 ParOldGen       total 72704K, used 16141K [0x0000000097c00000, 0x000000009c300000, 0x00000000dd400000)
  object space 72704K, 22% used [0x0000000097c00000,0x0000000098bc3578,0x000000009c300000)
 Metaspace       used 14229K, capacity 14388K, committed 14592K, reserved 1062912K
  class space    used 1671K, capacity 1724K, committed 1792K, reserved 1048576K
}

